<?xml version="1.0" encoding="UTF-8"?>
<!-- Generated by org.testng.reporters.JUnitReportReporter -->
<testsuite hostname="seeni" failures="0" tests="1" name="BasicTest.AppTest" time="0.011" errors="0" timestamp="2024-12-27T00:07:18 IST" skipped="0">
  <testcase classname="BasicTest.AppTest" name="run" time="0.011"/>
</testsuite> <!-- BasicTest.AppTest -->
