<?xml version="1.0" encoding="UTF-8"?>
<!-- Generated by org.testng.reporters.JUnitReportReporter -->
<testsuite hostname="seeni" failures="0" tests="1" name="jenT.jenkinsTraining.AppTest" time="0.012" errors="0" timestamp="2024-12-26T23:17:44 IST" skipped="0">
  <testcase classname="jenT.jenkinsTraining.AppTest" name="run" time="0.012"/>
</testsuite> <!-- jenT.jenkinsTraining.AppTest -->
