<?xml version="1.0" encoding="UTF-8"?>
<!-- Generated by org.testng.reporters.JUnitReportReporter -->
<testsuite hostname="seeni" failures="0" tests="1" name="BasicTest.AppTest" time="0.005" errors="0" timestamp="2024-12-29T14:53:56 IST" skipped="0">
  <testcase classname="BasicTest.AppTest" name="run" time="0.005"/>
</testsuite> <!-- BasicTest.AppTest -->
